<?xml version="1.0" encoding="UTF-8"?>
<!-- Generated by org.testng.reporters.JUnitXMLReporter -->
<testsuite hostname="NODE380" name="Test suite 1" tests="2" failures="1" timestamp="7 Sep 2016 08:28:57 GMT" time="181.85" errors="0">
  <testcase name="" time="134.012" classname="com.roadandfields.tests.Test1"/>
  <testcase name="" time="47.788" classname="com.roadandfields.tests.Test2">
    <failure type="java.lang.AssertionError" message="expected [https://www.rodanandfields.com/_ui/responsive/common/pdf/Archives/Policies_Procedures_CANADA.pdf] but found [https://www.rodanandfields.com/ca/businessSys/selectSponsor/SelectSponsorPage]">
      <![CDATA[java.lang.AssertionError: expected [https://www.rodanandfields.com/_ui/responsive/common/pdf/Archives/Policies_Procedures_CANADA.pdf] but found [https://www.rodanandfields.com/ca/businessSys/selectSponsor/SelectSponsorPage]
	at com.roadandfields.pages.CA.becomeAConsultantClick(CA.java:101)
	at com.roadandfields.tests.Test2.main(Test2.java:22)
... Removed 30 stack frames]]>
    </failure>
  </testcase> <!--  -->
</testsuite> <!-- Test suite 1 -->
